===== Burn-In Review 2026-04-17 =====

[1/2] 1-day summary
Burn-In Summary (1d)
Window start: 2026-04-16T06:26:37.656039+00:00
Paper runs: 15
Orders: 11
Blocked orders: 4
Error orders: 0
Skipped existing/open-order events: 0
Unresolved orders now: 0
Duplicate client_order_ids: 0
Duplicate broker_order_ids: 0
Reconciliation events: 0
Kill-switch events: 0
Broker error events: 0
Latest equity: 100446.12
Latest buying power: 174912.66
Latest cash: 74466.54
Gross exposure now: 25979.58
Unrealized PnL now: 318.78

Assessment
- no immediate red flags in the selected window

[2/2] 7-day summary
Burn-In Summary (7d)
Window start: 2026-04-10T06:26:37.923157+00:00
Paper runs: 15
Orders: 11
Blocked orders: 4
Error orders: 0
Skipped existing/open-order events: 0
Unresolved orders now: 0
Duplicate client_order_ids: 0
Duplicate broker_order_ids: 0
Reconciliation events: 0
Kill-switch events: 0
Broker error events: 0
Latest equity: 100446.12
Latest buying power: 174912.66
Latest cash: 74466.54
Gross exposure now: 25979.58
Unrealized PnL now: 318.78

Assessment
- no immediate red flags in the selected window

===== Burn-In Review 2026-04-17 =====
Config profile: paper
Git commit: 9ef548b

[1/3] 1-day summary
Burn-In Summary (1d)
Window start: 2026-04-16T17:37:47.037947+00:00
Config profile: default
Broker mode: paper
Strategy: reconcile
Paper runs: 10
Orders: 3
Blocked orders: 3
Error orders: 0
Skipped existing/open-order events: 0
Unresolved orders now: 0
Duplicate client_order_ids: 0
Duplicate broker_order_ids: 0
Reconciliation events: 0
Kill-switch events: 0
Broker error events: 0
Alert events: 4
Alert delivery failures: 0
Latest equity: 100862.79
Latest buying power: 175329.32
Latest cash: 74466.53
Gross exposure now: 26396.26
Unrealized PnL now: 735.46

Alert Delivery Status
- sent: 2
- skipped: 2

Assessment
- no immediate red flags in the selected window

[2/3] 7-day summary
Burn-In Summary (7d)
Window start: 2026-04-10T17:37:47.303189+00:00
Config profile: default
Broker mode: paper
Strategy: reconcile
Paper runs: 17
Orders: 13
Blocked orders: 6
Error orders: 0
Skipped existing/open-order events: 0
Unresolved orders now: 0
Duplicate client_order_ids: 0
Duplicate broker_order_ids: 0
Reconciliation events: 0
Kill-switch events: 0
Broker error events: 0
Alert events: 4
Alert delivery failures: 0
Latest equity: 100862.79
Latest buying power: 175329.32
Latest cash: 74466.53
Gross exposure now: 26396.26
Unrealized PnL now: 735.46

Alert Delivery Status
- sent: 2
- skipped: 2

Assessment
- no immediate red flags in the selected window

[3/3] operator report
Daily Operator Report
generated_at=2026-04-17T17:37:47.940632+00:00
profile=default
broker_mode=paper
strategy=momentum
primary_live_strategy=breakout
symbols=SPY,IWM,EFA,EEM,EWZ,XLF,KRE,AMZN,NVDA,BAC,QQQ,AAPL,MSFT,META,AMD,GOOGL,AVGO,TSLA,ORCL

Operator Summary
paper_runs_1d=10
recent_runs=10
orders_1d=3
submitted_orders_1d=0
blocked_orders_1d=3
error_orders_1d=0
reconciliation_events_1d=0
kill_switch_events_1d=0
broker_errors_1d=0
blocked_order_reasons=max_gross_exposure:2, max_positions:1
kill_switch_reasons=none

Portfolio Snapshot
latest_equity=100862.79
buying_power=175329.32
cash=74466.53
gross_exposure=26396.26
unrealized_pnl=735.46
realized_pnl=127.34
portfolio_profit_loss=109.8
portfolio_profit_loss_pct=0.0011
tracked_positions=2
top_positions=QQQ:14252.70, IWM:12143.56

Strategy Performance
matched_trades=7
win_rate=100.00%
average_win=18.19
average_loss=0.00
expectancy=18.19
turnover=0.59
average_holding_days=1.00
max_drawdown_pct=0.00%
realized_by_symbol=SPY:127.34

Operational Reliability
unresolved_orders=0
unresolved_order_oldest_minutes=0.00
alert_delivery=sent:2, skipped:2
alert_failures_1d=0
stale_data_incidents_1d=0
broker_error_operations=none

Burn-In Scorecard
scorecard=7d=pass (clean); 14d=pass (clean); 30d=pass (clean)

===== Burn-In Review 2026-04-17 =====
Config profile: paper
Git commit: d77fdce

[1/3] 1-day summary
Burn-In Summary (1d)
Window start: 2026-04-16T19:51:02.296814+00:00
Config profile: default
Broker mode: paper
Strategy: reconcile
Paper runs: 10
Orders: 4
Blocked orders: 4
Error orders: 0
Skipped existing/open-order events: 0
Unresolved orders now: 0
Duplicate client_order_ids: 0
Duplicate broker_order_ids: 0
Reconciliation events: 0
Kill-switch events: 0
Broker error events: 0
Alert events: 8
Alert delivery failures: 0
Latest equity: 100860.59
Latest buying power: 175327.12
Latest cash: 74466.53
Gross exposure now: 26394.66
Unrealized PnL now: 733.86

Alert Delivery Status
- sent: 4
- skipped: 4

Assessment
- no immediate red flags in the selected window

[2/3] 7-day summary
Burn-In Summary (7d)
Window start: 2026-04-10T19:51:02.595648+00:00
Config profile: default
Broker mode: paper
Strategy: reconcile
Paper runs: 19
Orders: 15
Blocked orders: 8
Error orders: 0
Skipped existing/open-order events: 0
Unresolved orders now: 0
Duplicate client_order_ids: 0
Duplicate broker_order_ids: 0
Reconciliation events: 0
Kill-switch events: 0
Broker error events: 0
Alert events: 8
Alert delivery failures: 0
Latest equity: 100860.59
Latest buying power: 175327.12
Latest cash: 74466.53
Gross exposure now: 26394.66
Unrealized PnL now: 733.86

Alert Delivery Status
- sent: 4
- skipped: 4

Assessment
- no immediate red flags in the selected window

[3/3] operator report
Daily Operator Report
generated_at=2026-04-17T19:51:03.286039+00:00
profile=default
broker_mode=paper
strategy=momentum
primary_live_strategy=breakout
symbols=SPY,IWM,EFA,EEM,EWZ,XLF,KRE,AMZN,NVDA,BAC,QQQ,AAPL,MSFT,META,AMD,GOOGL,AVGO,TSLA,ORCL
latest_benchmark_candidate=none
latest_benchmark_generated_at=missing
latest_benchmark_valid=False
latest_benchmark_ready=False
active_strategy_matches_benchmark=False

Operator Summary
paper_runs_1d=10
recent_runs=10
orders_1d=4
submitted_orders_1d=0
blocked_orders_1d=4
error_orders_1d=0
reconciliation_events_1d=0
kill_switch_events_1d=0
broker_errors_1d=0
blocked_order_reasons=max_gross_exposure:4
kill_switch_reasons=none

Portfolio Snapshot
latest_equity=100860.59
buying_power=175327.12
cash=74466.53
gross_exposure=26394.66
unrealized_pnl=733.86
realized_pnl=127.34
portfolio_profit_loss=109.8
portfolio_profit_loss_pct=0.0011
tracked_positions=2
top_positions=QQQ:14260.40, IWM:12134.26

Strategy Performance
matched_trades=7
win_rate=100.00%
average_win=18.19
average_loss=0.00
expectancy=18.19
turnover=0.59
average_holding_days=1.00
max_drawdown_pct=0.00%
realized_by_symbol=SPY:127.34

Operational Reliability
unresolved_orders=0
unresolved_order_oldest_minutes=0.00
alert_delivery=sent:4, skipped:4
alert_failures_1d=0
stale_data_incidents_1d=0
broker_error_operations=none
operator_actions_1d=0
operator_action_changes=none

Burn-In Scorecard
scorecard=7d=pass (clean); 14d=pass (clean); 30d=pass (clean)

